{
  "stats": {
    "suites": 1,
    "tests": 1,
    "passes": 1,
    "pending": 0,
    "failures": 0,
    "start": "2026-06-23T20:22:21.379Z",
    "end": "2026-06-23T20:22:25.082Z",
    "duration": 3703,
    "testsRegistered": 1,
    "passPercent": 100,
    "pendingPercent": 0,
    "other": 0,
    "hasOther": false,
    "skipped": 0,
    "hasSkipped": false
  },
  "results": [
    {
      "uuid": "ac652b70-e2b1-4d3c-9eba-815744cb2179",
      "title": "",
      "fullFile": "cypress/e2e/task.cy.js",
      "file": "cypress/e2e/task.cy.js",
      "beforeHooks": [],
      "afterHooks": [],
      "tests": [],
      "suites": [
        {
          "uuid": "82ac9f7d-c3db-4e12-9120-1f5192c5c382",
          "title": "Checkbox Task",
          "fullFile": "",
          "file": "",
          "beforeHooks": [],
          "afterHooks": [],
          "tests": [
            {
              "title": "should verify checkboxes",
              "fullTitle": "Checkbox Task should verify checkboxes",
              "timedOut": null,
              "duration": 860,
              "state": "passed",
              "speed": "fast",
              "pass": true,
              "fail": false,
              "pending": false,
              "context": null,
              "code": "cy.visit('https://the-internet.herokuapp.com/checkboxes');\n// Task 2: Verify there are 2 checkboxes\ncy.get('input[type=\"checkbox\"]').should('have.length', 2);\n// Task 3: Check the first checkbox and verify it is checked\ncy.get('input[type=\"checkbox\"]').first().check().should('be.checked');",
              "err": {},
              "uuid": "c2c2167e-13ef-4e08-a2e9-bca9a4028eb6",
              "parentUUID": "82ac9f7d-c3db-4e12-9120-1f5192c5c382",
              "isHook": false,
              "skipped": false
            }
          ],
          "suites": [],
          "passes": [
            "c2c2167e-13ef-4e08-a2e9-bca9a4028eb6"
          ],
          "failures": [],
          "pending": [],
          "skipped": [],
          "duration": 860,
          "root": false,
          "rootEmpty": false,
          "_timeout": 2000
        }
      ],
      "passes": [],
      "failures": [],
      "pending": [],
      "skipped": [],
      "duration": 0,
      "root": true,
      "rootEmpty": true,
      "_timeout": 2000
    }
  ],
  "meta": {
    "mocha": {
      "version": "7.0.1"
    },
    "mochawesome": {
      "options": {
        "quiet": false,
        "reportFilename": "mochawesome",
        "saveHtml": true,
        "saveJson": true,
        "consoleReporter": "spec",
        "useInlineDiffs": false,
        "code": true
      },
      "version": "7.1.4"
    },
    "marge": {
      "options": {
        "reportDir": "cypress/reports",
        "overwrite": false,
        "html": true,
        "json": true
      },
      "version": "6.3.2"
    }
  }
}