{
  "stats": {
    "suites": 1,
    "tests": 1,
    "passes": 1,
    "pending": 0,
    "failures": 0,
    "start": "2026-06-23T20:27:30.514Z",
    "end": "2026-06-23T20:27:34.373Z",
    "duration": 3859,
    "testsRegistered": 1,
    "passPercent": 100,
    "pendingPercent": 0,
    "other": 0,
    "hasOther": false,
    "skipped": 0,
    "hasSkipped": false
  },
  "results": [
    {
      "uuid": "595fd00c-26b5-4490-b99a-b10c791777a0",
      "title": "",
      "fullFile": "cypress/e2e/task.cy.js",
      "file": "cypress/e2e/task.cy.js",
      "beforeHooks": [],
      "afterHooks": [],
      "tests": [],
      "suites": [
        {
          "uuid": "8a492d50-3845-4dd2-878a-7d65d6c4e750",
          "title": "Checkbox Task",
          "fullFile": "",
          "file": "",
          "beforeHooks": [],
          "afterHooks": [],
          "tests": [
            {
              "title": "should verify checkboxes",
              "fullTitle": "Checkbox Task should verify checkboxes",
              "timedOut": null,
              "duration": 858,
              "state": "passed",
              "speed": "fast",
              "pass": true,
              "fail": false,
              "pending": false,
              "context": null,
              "code": "cy.visit('https://the-internet.herokuapp.com/checkboxes');\n// Task 2: Verify there are 2 checkboxes\ncy.get('input[type=\"checkbox\"]').should('have.length', 2);\n// Task 3: Check the first checkbox and verify it is checked\ncy.get('input[type=\"checkbox\"]').first().check().should('be.checked');",
              "err": {},
              "uuid": "552d119f-e744-450b-a9a5-397faa7416b1",
              "parentUUID": "8a492d50-3845-4dd2-878a-7d65d6c4e750",
              "isHook": false,
              "skipped": false
            }
          ],
          "suites": [],
          "passes": [
            "552d119f-e744-450b-a9a5-397faa7416b1"
          ],
          "failures": [],
          "pending": [],
          "skipped": [],
          "duration": 858,
          "root": false,
          "rootEmpty": false,
          "_timeout": 2000
        }
      ],
      "passes": [],
      "failures": [],
      "pending": [],
      "skipped": [],
      "duration": 0,
      "root": true,
      "rootEmpty": true,
      "_timeout": 2000
    }
  ],
  "meta": {
    "mocha": {
      "version": "7.0.1"
    },
    "mochawesome": {
      "options": {
        "quiet": false,
        "reportFilename": "mochawesome",
        "saveHtml": false,
        "saveJson": true,
        "consoleReporter": "spec",
        "useInlineDiffs": false,
        "code": true
      },
      "version": "7.1.4"
    },
    "marge": {
      "options": {
        "reportDir": "cypress/reports/individual",
        "overwrite": false,
        "html": false,
        "json": true
      },
      "version": "6.3.2"
    }
  }
}