{
  "stats": {
    "suites": 1,
    "tests": 1,
    "passes": 1,
    "pending": 0,
    "failures": 0,
    "start": "2026-06-23T21:09:44.058Z",
    "end": "2026-06-23T21:09:47.309Z",
    "duration": 3251,
    "testsRegistered": 1,
    "passPercent": 100,
    "pendingPercent": 0,
    "other": 0,
    "hasOther": false,
    "skipped": 0,
    "hasSkipped": false
  },
  "results": [
    {
      "uuid": "6e134246-c3e3-4152-ba1f-8cc2c8103b7e",
      "title": "",
      "fullFile": "cypress/e2e/task.cy.js",
      "file": "cypress/e2e/task.cy.js",
      "beforeHooks": [],
      "afterHooks": [],
      "tests": [],
      "suites": [
        {
          "uuid": "02530c02-a5e0-4678-84f0-9955f2595d77",
          "title": "Checkbox Task",
          "fullFile": "",
          "file": "",
          "beforeHooks": [],
          "afterHooks": [],
          "tests": [
            {
              "title": "should verify checkboxes",
              "fullTitle": "Checkbox Task should verify checkboxes",
              "timedOut": null,
              "duration": 872,
              "state": "passed",
              "speed": "fast",
              "pass": true,
              "fail": false,
              "pending": false,
              "context": null,
              "code": "cy.visit('https://the-internet.herokuapp.com/checkboxes');\n// Task 2: Verify there are 2 checkboxes\ncy.get('input[type=\"checkbox\"]').should('have.length', 2);\n// Task 3: Check the first checkbox and verify it is checked\ncy.get('input[type=\"checkbox\"]').first().check().should('be.checked');",
              "err": {},
              "uuid": "1b84ea56-057f-40e2-90c9-dceb5c2eb5b0",
              "parentUUID": "02530c02-a5e0-4678-84f0-9955f2595d77",
              "isHook": false,
              "skipped": false
            }
          ],
          "suites": [],
          "passes": [
            "1b84ea56-057f-40e2-90c9-dceb5c2eb5b0"
          ],
          "failures": [],
          "pending": [],
          "skipped": [],
          "duration": 872,
          "root": false,
          "rootEmpty": false,
          "_timeout": 2000
        }
      ],
      "passes": [],
      "failures": [],
      "pending": [],
      "skipped": [],
      "duration": 0,
      "root": true,
      "rootEmpty": true,
      "_timeout": 2000
    }
  ],
  "meta": {
    "mocha": {
      "version": "7.0.1"
    },
    "mochawesome": {
      "options": {
        "quiet": false,
        "reportFilename": "mochawesome",
        "saveHtml": false,
        "saveJson": true,
        "consoleReporter": "spec",
        "useInlineDiffs": false,
        "code": true
      },
      "version": "7.1.4"
    },
    "marge": {
      "options": {
        "reportDir": "cypress/reports/individual",
        "overwrite": false,
        "html": false,
        "json": true
      },
      "version": "6.3.2"
    }
  }
}